<?xml version="1.0" encoding="UTF-8"?>
<!-- Generated by org.testng.reporters.JUnitReportReporter -->
<testsuite skipped="0" hostname="LAPTOP-OTFJK5R0" name="TestCases.LoginTest" tests="2" failures="0" timestamp="29 Jul 2020 14:57:56 GMT" time="17.579" errors="0">
  <testcase name="forget" time="3.778" classname="TestCases.LoginTest"/>
  <testcase name="login" time="13.801" classname="TestCases.LoginTest"/>
</testsuite> <!-- TestCases.LoginTest -->
