<?xml version="1.0" encoding="UTF-8"?>
<!-- Generated by org.testng.reporters.JUnitReportReporter -->
<testsuite skipped="0" hostname="LAPTOP-OTFJK5R0" name="TestCases.HomeTest" tests="1" failures="0" timestamp="29 Jul 2020 14:57:56 GMT" time="3.168" errors="0">
  <testcase name="Logout" time="3.168" classname="TestCases.HomeTest"/>
</testsuite> <!-- TestCases.HomeTest -->
