<?xml version="1.0" encoding="UTF-8"?>
<!-- Generated by org.testng.reporters.JUnitReportReporter -->
<testsuite skipped="0" hostname="LAPTOP-OTFJK5R0" name="TestCases.HomeTest" tests="1" failures="0" timestamp="11 Aug 2020 06:52:53 GMT" time="3.085" errors="0">
  <testcase name="Logout" time="3.085" classname="TestCases.HomeTest"/>
</testsuite> <!-- TestCases.HomeTest -->
