<?xml version="1.0" encoding="UTF-8"?>
<!-- Generated by org.testng.reporters.JUnitReportReporter -->
<testsuite skipped="0" hostname="LAPTOP-OTFJK5R0" name="TestCases.LoginTest" tests="2" failures="0" timestamp="11 Aug 2020 06:52:53 GMT" time="16.173" errors="0">
  <testcase name="login" time="13.409" classname="TestCases.LoginTest"/>
  <testcase name="forget" time="2.764" classname="TestCases.LoginTest"/>
</testsuite> <!-- TestCases.LoginTest -->
